"C:/Users/Tadhg/OneDrive/Documents/Unreal Projects/rAIMbow/Content/FirstPerson/Character/Mesh/SK_Mannequin_Arms_Skeleton.uasset" 0
"C:/Users/Tadhg/OneDrive/Documents/Unreal Projects/rAIMbow/Content/FirstPerson/Character/Mesh/SK_Mannequin_Arms_Skeleton.uexp" 1
"../../../Engine/Content/Animation/DefaultAnimCurveCompressionSettings.uasset" 2
"../../../Engine/Content/Animation/DefaultAnimCurveCompressionSettings.uexp" 3
"../../../Engine/Content/Animation/DefaultAnimBoneCompressionSettings.uasset" 4
"../../../Engine/Content/Animation/DefaultAnimBoneCompressionSettings.uexp" 5
"C:/Users/Tadhg/OneDrive/Documents/Unreal Projects/rAIMbow/Content/FirstPerson/Animations/FirstPerson_Fire2.uasset" 6
"C:/Users/Tadhg/OneDrive/Documents/Unreal Projects/rAIMbow/Content/FirstPerson/Animations/FirstPerson_Fire2.uexp" 7
"C:/Users/Tadhg/OneDrive/Documents/Unreal Projects/rAIMbow/Content/FirstPerson/Textures/HeartCrosshair.uasset" 8
"C:/Users/Tadhg/OneDrive/Documents/Unreal Projects/rAIMbow/Content/FirstPerson/Textures/HeartCrosshair.uexp" 9
"C:/Users/Tadhg/OneDrive/Documents/Unreal Projects/rAIMbow/Content/rAIMbowContent/Audio/FabulousAudio.uasset" 10
"C:/Users/Tadhg/OneDrive/Documents/Unreal Projects/rAIMbow/Content/rAIMbowContent/Audio/FabulousAudio.uexp" 11
"C:/Users/Tadhg/OneDrive/Documents/Unreal Projects/rAIMbow/Content/rAIMbowContent/Audio/ScrewYouAudio.uasset" 12
"C:/Users/Tadhg/OneDrive/Documents/Unreal Projects/rAIMbow/Content/rAIMbowContent/Audio/ScrewYouAudio.uexp" 13
"C:/Users/Tadhg/OneDrive/Documents/Unreal Projects/rAIMbow/Content/rAIMbowContent/Font/VCR_OSD_MONO_1_001.uasset" 14
"C:/Users/Tadhg/OneDrive/Documents/Unreal Projects/rAIMbow/Content/rAIMbowContent/Font/VCR_OSD_MONO_1_001.uexp" 15
"C:/Users/Tadhg/OneDrive/Documents/Unreal Projects/rAIMbow/Content/rAIMbowContent/Font/VCR_OSD_MONO_1_001.ufont" 16
"C:/Users/Tadhg/OneDrive/Documents/Unreal Projects/rAIMbow/Content/rAIMbowContent/Font/PixelFont.uasset" 17
"C:/Users/Tadhg/OneDrive/Documents/Unreal Projects/rAIMbow/Content/rAIMbowContent/Font/PixelFont.uexp" 18
"C:/Users/Tadhg/OneDrive/Documents/Unreal Projects/rAIMbow/Content/rAIMbowContent/HeartAnimation/HeartTexture.uasset" 19
"C:/Users/Tadhg/OneDrive/Documents/Unreal Projects/rAIMbow/Content/rAIMbowContent/HeartAnimation/HeartTexture.uexp" 20
"C:/Users/Tadhg/OneDrive/Documents/Unreal Projects/rAIMbow/Content/rAIMbowContent/HeartAnimation/HeartMaterial.uasset" 21
"C:/Users/Tadhg/OneDrive/Documents/Unreal Projects/rAIMbow/Content/rAIMbowContent/HeartAnimation/HeartMaterial.uexp" 22
"C:/Users/Tadhg/OneDrive/Documents/Unreal Projects/rAIMbow/Content/rAIMbowContent/HeartAnimation/HeartParticles.uasset" 23
"C:/Users/Tadhg/OneDrive/Documents/Unreal Projects/rAIMbow/Content/rAIMbowContent/HeartAnimation/HeartParticles.uexp" 24
"C:/Users/Tadhg/OneDrive/Documents/Unreal Projects/rAIMbow/Content/rAIMbowContent/Objects/EmissiveBaseMat.uasset" 25
"C:/Users/Tadhg/OneDrive/Documents/Unreal Projects/rAIMbow/Content/rAIMbowContent/Objects/EmissiveBaseMat.uexp" 26
"C:/Users/Tadhg/OneDrive/Documents/Unreal Projects/rAIMbow/Content/rAIMbowContent/Objects/EmissivePinkMat.uasset" 27
"C:/Users/Tadhg/OneDrive/Documents/Unreal Projects/rAIMbow/Content/rAIMbowContent/Objects/EmissivePinkMat.uexp" 28
"C:/Users/Tadhg/OneDrive/Documents/Unreal Projects/rAIMbow/Content/rAIMbowContent/Objects/ProjectileObject.uasset" 29
"C:/Users/Tadhg/OneDrive/Documents/Unreal Projects/rAIMbow/Content/rAIMbowContent/Objects/ProjectileObject.uexp" 30
"C:/Users/Tadhg/OneDrive/Documents/Unreal Projects/rAIMbow/Content/FirstPerson/Meshes/BaseMaterial.uasset" 31
"C:/Users/Tadhg/OneDrive/Documents/Unreal Projects/rAIMbow/Content/FirstPerson/Meshes/BaseMaterial.uexp" 32
"C:/Users/Tadhg/OneDrive/Documents/Unreal Projects/rAIMbow/Content/rAIMbowContent/Objects/TargetBox.uasset" 33
"C:/Users/Tadhg/OneDrive/Documents/Unreal Projects/rAIMbow/Content/rAIMbowContent/Objects/TargetBox.uexp" 34
"C:/Users/Tadhg/OneDrive/Documents/Unreal Projects/rAIMbow/Content/rAIMbowContent/Objects/Growing_Pink_Heart_Emoji_large.uasset" 35
"C:/Users/Tadhg/OneDrive/Documents/Unreal Projects/rAIMbow/Content/rAIMbowContent/Objects/Growing_Pink_Heart_Emoji_large.uexp" 36
"C:/Users/Tadhg/OneDrive/Documents/Unreal Projects/rAIMbow/Content/rAIMbowContent/Objects/Growing_Pink_Heart_Emoji_large_Mat.uasset" 37
"C:/Users/Tadhg/OneDrive/Documents/Unreal Projects/rAIMbow/Content/rAIMbowContent/Objects/Growing_Pink_Heart_Emoji_large_Mat.uexp" 38
"C:/Users/Tadhg/OneDrive/Documents/Unreal Projects/rAIMbow/Content/rAIMbowContent/Objects/TargetCentralHitBox.uasset" 39
"C:/Users/Tadhg/OneDrive/Documents/Unreal Projects/rAIMbow/Content/rAIMbowContent/Objects/TargetCentralHitBox.uexp" 40
"C:/Users/Tadhg/OneDrive/Documents/Unreal Projects/rAIMbow/Content/rAIMbowContent/PrideFlagBases/AsexualPrideFlag.uasset" 41
"C:/Users/Tadhg/OneDrive/Documents/Unreal Projects/rAIMbow/Content/rAIMbowContent/PrideFlagBases/AsexualPrideFlag.uexp" 42
"C:/Users/Tadhg/OneDrive/Documents/Unreal Projects/rAIMbow/Content/rAIMbowContent/PrideFlagMaterials/AsexualPrideFlagMat.uasset" 43
"C:/Users/Tadhg/OneDrive/Documents/Unreal Projects/rAIMbow/Content/rAIMbowContent/PrideFlagMaterials/AsexualPrideFlagMat.uexp" 44
"C:/Users/Tadhg/OneDrive/Documents/Unreal Projects/rAIMbow/Content/rAIMbowContent/PrideFlagBases/BisexualPrideFlag.uasset" 45
"C:/Users/Tadhg/OneDrive/Documents/Unreal Projects/rAIMbow/Content/rAIMbowContent/PrideFlagBases/BisexualPrideFlag.uexp" 46
"C:/Users/Tadhg/OneDrive/Documents/Unreal Projects/rAIMbow/Content/rAIMbowContent/PrideFlagMaterials/BisexualPrideFlagMat.uasset" 47
"C:/Users/Tadhg/OneDrive/Documents/Unreal Projects/rAIMbow/Content/rAIMbowContent/PrideFlagMaterials/BisexualPrideFlagMat.uexp" 48
"C:/Users/Tadhg/OneDrive/Documents/Unreal Projects/rAIMbow/Content/rAIMbowContent/PrideFlagBases/GayMalePrideFlag.uasset" 49
"C:/Users/Tadhg/OneDrive/Documents/Unreal Projects/rAIMbow/Content/rAIMbowContent/PrideFlagBases/GayMalePrideFlag.uexp" 50
"C:/Users/Tadhg/OneDrive/Documents/Unreal Projects/rAIMbow/Content/rAIMbowContent/PrideFlagMaterials/GayMalePrideFlagMat.uasset" 51
"C:/Users/Tadhg/OneDrive/Documents/Unreal Projects/rAIMbow/Content/rAIMbowContent/PrideFlagMaterials/GayMalePrideFlagMat.uexp" 52
"C:/Users/Tadhg/OneDrive/Documents/Unreal Projects/rAIMbow/Content/rAIMbowContent/PrideFlagBases/IntersexPrideFlag.uasset" 53
"C:/Users/Tadhg/OneDrive/Documents/Unreal Projects/rAIMbow/Content/rAIMbowContent/PrideFlagBases/IntersexPrideFlag.uexp" 54
"C:/Users/Tadhg/OneDrive/Documents/Unreal Projects/rAIMbow/Content/rAIMbowContent/PrideFlagMaterials/IntersexPrideFlagMat.uasset" 55
"C:/Users/Tadhg/OneDrive/Documents/Unreal Projects/rAIMbow/Content/rAIMbowContent/PrideFlagMaterials/IntersexPrideFlagMat.uexp" 56
"C:/Users/Tadhg/OneDrive/Documents/Unreal Projects/rAIMbow/Content/rAIMbowContent/PrideFlagBases/LesbianPrideFlag.uasset" 57
"C:/Users/Tadhg/OneDrive/Documents/Unreal Projects/rAIMbow/Content/rAIMbowContent/PrideFlagBases/LesbianPrideFlag.uexp" 58
"C:/Users/Tadhg/OneDrive/Documents/Unreal Projects/rAIMbow/Content/rAIMbowContent/PrideFlagMaterials/LesbianPrideFlagMat.uasset" 59
"C:/Users/Tadhg/OneDrive/Documents/Unreal Projects/rAIMbow/Content/rAIMbowContent/PrideFlagMaterials/LesbianPrideFlagMat.uexp" 60
"C:/Users/Tadhg/OneDrive/Documents/Unreal Projects/rAIMbow/Content/rAIMbowContent/PrideFlagBases/LGBTQPrideFlag.uasset" 61
"C:/Users/Tadhg/OneDrive/Documents/Unreal Projects/rAIMbow/Content/rAIMbowContent/PrideFlagBases/LGBTQPrideFlag.uexp" 62
"C:/Users/Tadhg/OneDrive/Documents/Unreal Projects/rAIMbow/Content/rAIMbowContent/PrideFlagMaterials/LGBTQPrideFlagMat.uasset" 63
"C:/Users/Tadhg/OneDrive/Documents/Unreal Projects/rAIMbow/Content/rAIMbowContent/PrideFlagMaterials/LGBTQPrideFlagMat.uexp" 64
"C:/Users/Tadhg/OneDrive/Documents/Unreal Projects/rAIMbow/Content/rAIMbowContent/PrideFlagBases/NonBinaryPrideFlag.uasset" 65
"C:/Users/Tadhg/OneDrive/Documents/Unreal Projects/rAIMbow/Content/rAIMbowContent/PrideFlagBases/NonBinaryPrideFlag.uexp" 66
"C:/Users/Tadhg/OneDrive/Documents/Unreal Projects/rAIMbow/Content/rAIMbowContent/PrideFlagMaterials/NonBinaryPrideFlagMat.uasset" 67
"C:/Users/Tadhg/OneDrive/Documents/Unreal Projects/rAIMbow/Content/rAIMbowContent/PrideFlagMaterials/NonBinaryPrideFlagMat.uexp" 68
"C:/Users/Tadhg/OneDrive/Documents/Unreal Projects/rAIMbow/Content/rAIMbowContent/PrideFlagBases/PansexualPrideFlag.uasset" 69
"C:/Users/Tadhg/OneDrive/Documents/Unreal Projects/rAIMbow/Content/rAIMbowContent/PrideFlagBases/PansexualPrideFlag.uexp" 70
"C:/Users/Tadhg/OneDrive/Documents/Unreal Projects/rAIMbow/Content/rAIMbowContent/PrideFlagMaterials/PansexualPrideFlagMat.uasset" 71
"C:/Users/Tadhg/OneDrive/Documents/Unreal Projects/rAIMbow/Content/rAIMbowContent/PrideFlagMaterials/PansexualPrideFlagMat.uexp" 72
"C:/Users/Tadhg/OneDrive/Documents/Unreal Projects/rAIMbow/Content/rAIMbowContent/PrideFlagBases/TransgenderPrideFlag.uasset" 73
"C:/Users/Tadhg/OneDrive/Documents/Unreal Projects/rAIMbow/Content/rAIMbowContent/PrideFlagBases/TransgenderPrideFlag.uexp" 74
"C:/Users/Tadhg/OneDrive/Documents/Unreal Projects/rAIMbow/Content/rAIMbowContent/PrideFlagMaterials/TransgenderPrideFlagMat.uasset" 75
"C:/Users/Tadhg/OneDrive/Documents/Unreal Projects/rAIMbow/Content/rAIMbowContent/PrideFlagMaterials/TransgenderPrideFlagMat.uexp" 76
"C:/Users/Tadhg/OneDrive/Documents/Unreal Projects/rAIMbow/Content/StarterContent/Textures/T_Metal_Steel_N.uasset" 77
"C:/Users/Tadhg/OneDrive/Documents/Unreal Projects/rAIMbow/Content/StarterContent/Textures/T_Metal_Steel_N.uexp" 78
"C:/Users/Tadhg/OneDrive/Documents/Unreal Projects/rAIMbow/Content/StarterContent/Textures/T_Metal_Steel_N.ubulk" 79
"C:/Users/Tadhg/OneDrive/Documents/Unreal Projects/rAIMbow/Content/StarterContent/Textures/T_Metal_Steel_D.uasset" 80
"C:/Users/Tadhg/OneDrive/Documents/Unreal Projects/rAIMbow/Content/StarterContent/Textures/T_Metal_Steel_D.uexp" 81
"C:/Users/Tadhg/OneDrive/Documents/Unreal Projects/rAIMbow/Content/StarterContent/Textures/T_Metal_Steel_D.ubulk" 82
"C:/Users/Tadhg/OneDrive/Documents/Unreal Projects/rAIMbow/Content/StarterContent/Textures/T_MacroVariation.uasset" 83
"C:/Users/Tadhg/OneDrive/Documents/Unreal Projects/rAIMbow/Content/StarterContent/Textures/T_MacroVariation.uexp" 84
"C:/Users/Tadhg/OneDrive/Documents/Unreal Projects/rAIMbow/Content/StarterContent/Materials/M_Metal_Steel.uasset" 85
"C:/Users/Tadhg/OneDrive/Documents/Unreal Projects/rAIMbow/Content/StarterContent/Materials/M_Metal_Steel.uexp" 86
"C:/Users/Tadhg/OneDrive/Documents/Unreal Projects/rAIMbow/Content/StarterContent/Props/SM_PillarFrame.uasset" 87
"C:/Users/Tadhg/OneDrive/Documents/Unreal Projects/rAIMbow/Content/StarterContent/Props/SM_PillarFrame.uexp" 88
"../../../Engine/Content/EngineMaterials/T_Default_Material_Grid_N.uasset" 89
"../../../Engine/Content/EngineMaterials/T_Default_Material_Grid_N.uexp" 90
"../../../Engine/Content/EngineMaterials/T_Default_Material_Grid_N.ubulk" 91
"../../../Engine/Content/EngineMaterials/T_Default_Material_Grid_M.uasset" 92
"../../../Engine/Content/EngineMaterials/T_Default_Material_Grid_M.uexp" 93
"../../../Engine/Content/EngineMaterials/T_Default_Material_Grid_M.ubulk" 94
"../../../Engine/Content/Functions/Engine_MaterialFunctions01/Opacity/CameraDepthFade.uasset" 95
"../../../Engine/Content/Functions/Engine_MaterialFunctions01/Opacity/CameraDepthFade.uexp" 96
"../../../Engine/Content/EngineMaterials/WorldGridMaterial.uasset" 97
"../../../Engine/Content/EngineMaterials/WorldGridMaterial.uexp" 98
"../../../Engine/Content/ArtTools/RenderToTexture/Meshes/S_1_Unit_Plane.uasset" 99
"../../../Engine/Content/ArtTools/RenderToTexture/Meshes/S_1_Unit_Plane.uexp" 100
"../../../Engine/Content/EngineMaterials/DefaultMaterial.uasset" 101
"../../../Engine/Content/EngineMaterials/DefaultMaterial.uexp" 102
"../../../Engine/Content/BasicShapes/Cone.uasset" 103
"../../../Engine/Content/BasicShapes/Cone.uexp" 104
"../../../Engine/Content/BasicShapes/Cube.uasset" 105
"../../../Engine/Content/BasicShapes/Cube.uexp" 106
"../../../Engine/Content/BasicShapes/Plane.uasset" 107
"../../../Engine/Content/BasicShapes/Plane.uexp" 108
"../../../Engine/Content/BasicShapes/Sphere.uasset" 109
"../../../Engine/Content/BasicShapes/Sphere.uexp" 110
"../../../Engine/Content/EditorLandscapeResources/DataLayer.uasset" 111
"../../../Engine/Content/EditorLandscapeResources/DataLayer.uexp" 112
"../../../Engine/Content/EditorLandscapeResources/DefaultAlphaTexture.uasset" 113
"../../../Engine/Content/EditorLandscapeResources/DefaultAlphaTexture.uexp" 114
"../../../Engine/Content/EditorMaterials/MAT_Groups_Toggle.uasset" 115
"../../../Engine/Content/EditorMaterials/MAT_Groups_Toggle.uexp" 116
"../../../Engine/Content/EditorMaterials/MAT_Groups_Visibility.uasset" 117
"../../../Engine/Content/EditorMaterials/MAT_Groups_Visibility.uexp" 118
"../../../Engine/Content/EditorMaterials/PreviewShadowIndicator.uasset" 119
"../../../Engine/Content/EditorMaterials/PreviewShadowIndicator.uexp" 120
"../../../Engine/Content/EditorMaterials/PreviewShadowIndicator.ubulk" 121
"../../../Engine/Content/EditorMaterials/PreviewShadowIndicatorMaterial.uasset" 122
"../../../Engine/Content/EditorMaterials/PreviewShadowIndicatorMaterial.uexp" 123
"../../../Engine/Content/EditorMaterials/MatineeGroups/MAT_ColorTrack.uasset" 124
"../../../Engine/Content/EditorMaterials/MatineeGroups/MAT_ColorTrack.uexp" 125
"../../../Engine/Content/EditorMaterials/MatineeGroups/MAT_Groups_Anim.uasset" 126
"../../../Engine/Content/EditorMaterials/MatineeGroups/MAT_Groups_Anim.uexp" 127
"../../../Engine/Content/EditorMaterials/MatineeGroups/MAT_Groups_AudioMaster.uasset" 128
"../../../Engine/Content/EditorMaterials/MatineeGroups/MAT_Groups_AudioMaster.uexp" 129
"../../../Engine/Content/EditorMaterials/MatineeGroups/MAT_Groups_Director.uasset" 130
"../../../Engine/Content/EditorMaterials/MatineeGroups/MAT_Groups_Director.uexp" 131
"../../../Engine/Content/EditorMaterials/MatineeGroups/MAT_Groups_Event.uasset" 132
"../../../Engine/Content/EditorMaterials/MatineeGroups/MAT_Groups_Event.uexp" 133
"../../../Engine/Content/EditorMaterials/MatineeGroups/MAT_Groups_Fade.uasset" 134
"../../../Engine/Content/EditorMaterials/MatineeGroups/MAT_Groups_Fade.uexp" 135
"../../../Engine/Content/EditorMaterials/MatineeGroups/MAT_Groups_Float.uasset" 136
"../../../Engine/Content/EditorMaterials/MatineeGroups/MAT_Groups_Float.uexp" 137
"../../../Engine/Content/EditorMaterials/MatineeGroups/MAT_Groups_Move.uasset" 138
"../../../Engine/Content/EditorMaterials/MatineeGroups/MAT_Groups_Move.uexp" 139
"../../../Engine/Content/EditorMaterials/MatineeGroups/MAT_Groups_Slomo.uasset" 140
"../../../Engine/Content/EditorMaterials/MatineeGroups/MAT_Groups_Slomo.uexp" 141
"../../../Engine/Content/EditorMaterials/MatineeGroups/MAT_Groups_Sound.uasset" 142
"../../../Engine/Content/EditorMaterials/MatineeGroups/MAT_Groups_Sound.uexp" 143
"../../../Engine/Content/EditorMaterials/MatineeGroups/MAT_Groups_Vector.uasset" 144
"../../../Engine/Content/EditorMaterials/MatineeGroups/MAT_Groups_Vector.uexp" 145
"../../../Engine/Content/EditorMaterials/ParticleSystems/PSysThumbnail_NoImage.uasset" 146
"../../../Engine/Content/EditorMaterials/ParticleSystems/PSysThumbnail_NoImage.uexp" 147
"../../../Engine/Content/EditorMaterials/ParticleSystems/PSysThumbnail_NoImage.ubulk" 148
"../../../Engine/Content/EditorMaterials/ParticleSystems/PSysThumbnail_OOD.uasset" 149
"../../../Engine/Content/EditorMaterials/ParticleSystems/PSysThumbnail_OOD.uexp" 150
"../../../Engine/Content/EditorMaterials/ParticleSystems/PSysThumbnail_OOD.ubulk" 151
"../../../Engine/Content/EditorMaterials/Camera/CineMat.uasset" 152
"../../../Engine/Content/EditorMaterials/Camera/CineMat.uexp" 153
"../../../Engine/Content/EditorMaterials/Camera/MI_CineMat_Rig.uasset" 154
"../../../Engine/Content/EditorMaterials/Camera/MI_CineMat_Rig.uexp" 155
"../../../Engine/Content/EditorMeshes/Camera/SM_CraneRig_Arm.uasset" 156
"../../../Engine/Content/EditorMeshes/Camera/SM_CraneRig_Arm.uexp" 157
"../../../Engine/Content/EditorMeshes/Camera/SM_CraneRig_Base.uasset" 158
"../../../Engine/Content/EditorMeshes/Camera/SM_CraneRig_Base.uexp" 159
"../../../Engine/Content/EditorMeshes/Camera/SM_CraneRig_Body.uasset" 160
"../../../Engine/Content/EditorMeshes/Camera/SM_CraneRig_Body.uexp" 161
"../../../Engine/Content/EditorMeshes/Camera/SM_CraneRig_Mount.uasset" 162
"../../../Engine/Content/EditorMeshes/Camera/SM_CraneRig_Mount.uexp" 163
"../../../Engine/Content/EditorMeshes/Camera/SM_RailRig_Mount.uasset" 164
"../../../Engine/Content/EditorMeshes/Camera/SM_RailRig_Mount.uexp" 165
"../../../Engine/Content/EditorMeshes/Camera/SM_RailRig_Track.uasset" 166
"../../../Engine/Content/EditorMeshes/Camera/SM_RailRig_Track.uexp" 167
"../../../Engine/Content/EditorResources/BSPVertex.uasset" 168
"../../../Engine/Content/EditorResources/BSPVertex.uexp" 169
"../../../Engine/Content/EditorResources/EmptyActor.uasset" 170
"../../../Engine/Content/EditorResources/EmptyActor.uexp" 171
"../../../Engine/Content/EditorResources/S_Actor.uasset" 172
"../../../Engine/Content/EditorResources/S_Actor.uexp" 173
"../../../Engine/Content/EditorResources/S_Actor.ubulk" 174
"../../../Engine/Content/EditorResources/S_Note.uasset" 175
"../../../Engine/Content/EditorResources/S_Note.uexp" 176
"../../../Engine/Content/EditorResources/S_Note.ubulk" 177
"../../../Engine/Content/EditorResources/S_Solver.uasset" 178
"../../../Engine/Content/EditorResources/S_Solver.uexp" 179
"../../../Engine/Content/EditorResources/S_Solver.ubulk" 180
"../../../Engine/Content/EditorResources/S_Terrain.uasset" 181
"../../../Engine/Content/EditorResources/S_Terrain.uexp" 182
"../../../Engine/Content/EditorResources/S_Terrain.ubulk" 183
"../../../Engine/Content/EditorResources/S_Trigger.uasset" 184
"../../../Engine/Content/EditorResources/S_Trigger.uexp" 185
"../../../Engine/Content/EditorResources/S_Trigger.ubulk" 186
"../../../Engine/Content/EditorResources/LightIcons/S_LightError.uasset" 187
"../../../Engine/Content/EditorResources/LightIcons/S_LightError.uexp" 188
"../../../Engine/Content/EditorResources/SequenceRecorder/Countdown.uasset" 189
"../../../Engine/Content/EditorResources/SequenceRecorder/Countdown.uexp" 190
"../../../Engine/Content/EditorResources/SequenceRecorder/RecordingIndicator.uasset" 191
"../../../Engine/Content/EditorResources/SequenceRecorder/RecordingIndicator.uexp" 192
"../../../Engine/Content/EngineDamageTypes/DmgTypeBP_Environmental.uasset" 193
"../../../Engine/Content/EngineDamageTypes/DmgTypeBP_Environmental.uexp" 194
"../../../Engine/Content/EngineDebugMaterials/DebugEditorMaterial.uasset" 195
"../../../Engine/Content/EngineDebugMaterials/DebugEditorMaterial.uexp" 196
"../../../Engine/Content/EngineDebugMaterials/DebugMeshMaterial.uasset" 197
"../../../Engine/Content/EngineDebugMaterials/DebugMeshMaterial.uexp" 198
"../../../Engine/Content/EngineDebugMaterials/M_SimpleUnlitTranslucent.uasset" 199
"../../../Engine/Content/EngineDebugMaterials/M_SimpleUnlitTranslucent.uexp" 200
"../../../Engine/Content/EngineDebugMaterials/VolumeToRender.uasset" 201
"../../../Engine/Content/EngineDebugMaterials/VolumeToRender.uexp" 202
"../../../Engine/Content/Functions/Engine_MaterialFunctions02/Utility/CameraDirectionVector.uasset" 203
"../../../Engine/Content/Functions/Engine_MaterialFunctions02/Utility/CameraDirectionVector.uexp" 204
"../../../Engine/Content/EngineDebugMaterials/M_VolumeRenderSphereTracePP.uasset" 205
"../../../Engine/Content/EngineDebugMaterials/M_VolumeRenderSphereTracePP.uexp" 206
"../../../Engine/Content/Functions/Engine_MaterialFunctions01/Shading/ConvertFromDiffSpec.uasset" 207
"../../../Engine/Content/Functions/Engine_MaterialFunctions01/Shading/ConvertFromDiffSpec.uexp" 208
"../../../Engine/Content/EngineDebugMaterials/VertexColorMaterial.uasset" 209
"../../../Engine/Content/EngineDebugMaterials/VertexColorMaterial.uexp" 210
"../../../Engine/Content/EngineDebugMaterials/WireframeMaterial.uasset" 211
"../../../Engine/Content/EngineDebugMaterials/WireframeMaterial.uexp" 212
"../../../Engine/Content/EngineFonts/Faces/RobotoRegular.uasset" 213
"../../../Engine/Content/EngineFonts/Faces/RobotoRegular.uexp" 214
"../../../Engine/Content/EngineFonts/Faces/RobotoRegular.ufont" 215
"../../../Engine/Content/EngineFonts/Faces/RobotoLight.uasset" 216
"../../../Engine/Content/EngineFonts/Faces/RobotoLight.uexp" 217
"../../../Engine/Content/EngineFonts/Faces/RobotoLight.ufont" 218
"../../../Engine/Content/EngineFonts/Faces/RobotoItalic.uasset" 219
"../../../Engine/Content/EngineFonts/Faces/RobotoItalic.uexp" 220
"../../../Engine/Content/EngineFonts/Faces/RobotoItalic.ufont" 221
"../../../Engine/Content/EngineFonts/Faces/RobotoBoldItalic.uasset" 222
"../../../Engine/Content/EngineFonts/Faces/RobotoBoldItalic.uexp" 223
"../../../Engine/Content/EngineFonts/Faces/RobotoBoldItalic.ufont" 224
"../../../Engine/Content/EngineFonts/Faces/RobotoBold.uasset" 225
"../../../Engine/Content/EngineFonts/Faces/RobotoBold.uexp" 226
"../../../Engine/Content/EngineFonts/Faces/RobotoBold.ufont" 227
"../../../Engine/Content/EngineFonts/Faces/DroidSansFallback.uasset" 228
"../../../Engine/Content/EngineFonts/Faces/DroidSansFallback.uexp" 229
"../../../Engine/Content/EngineFonts/Faces/DroidSansFallback.ufont" 230
"../../../Engine/Content/EngineFonts/Roboto.uasset" 231
"../../../Engine/Content/EngineFonts/Roboto.uexp" 232
"../../../Engine/Content/EngineMaterials/BaseFlattenNormalMap.uasset" 233
"../../../Engine/Content/EngineMaterials/BaseFlattenNormalMap.uexp" 234
"../../../Engine/Content/EngineMaterials/BaseFlattenGrayscaleMap.uasset" 235
"../../../Engine/Content/EngineMaterials/BaseFlattenGrayscaleMap.uexp" 236
"../../../Engine/Content/EngineMaterials/BaseFlattenEmissiveMap.uasset" 237
"../../../Engine/Content/EngineMaterials/BaseFlattenEmissiveMap.uexp" 238
"../../../Engine/Content/EngineMaterials/BaseFlattenDiffuseMap.uasset" 239
"../../../Engine/Content/EngineMaterials/BaseFlattenDiffuseMap.uexp" 240
"../../../Engine/Content/EngineMaterials/BaseFlattenMaterial.uasset" 241
"../../../Engine/Content/EngineMaterials/BaseFlattenMaterial.uexp" 242
"../../../Engine/Content/EngineMaterials/BlueNoise.uasset" 243
"../../../Engine/Content/EngineMaterials/BlueNoise.uexp" 244
"../../../Engine/Content/EngineMaterials/DefaultBloomKernel.uasset" 245
"../../../Engine/Content/EngineMaterials/DefaultBloomKernel.uexp" 246
"../../../Engine/Content/EngineMaterials/DefaultBokeh.uasset" 247
"../../../Engine/Content/EngineMaterials/DefaultBokeh.uexp" 248
"../../../Engine/Content/EngineMaterials/DefaultDiffuse.uasset" 249
"../../../Engine/Content/EngineMaterials/DefaultDiffuse.uexp" 250
"../../../Engine/Content/EngineMaterials/DefaultDiffuse.ubulk" 251
"../../../Engine/Content/EngineMaterials/DefaultDeferredDecalMaterial.uasset" 252
"../../../Engine/Content/EngineMaterials/DefaultDeferredDecalMaterial.uexp" 253
"../../../Engine/Content/EngineMaterials/DefaultLightFunctionMaterial.uasset" 254
"../../../Engine/Content/EngineMaterials/DefaultLightFunctionMaterial.uexp" 255
"../../../Engine/Content/EngineMaterials/DefaultPhysicalMaterial.uasset" 256
"../../../Engine/Content/EngineMaterials/DefaultPhysicalMaterial.uexp" 257
"../../../Engine/Content/Functions/Engine_MaterialFunctions02/Utility/BreakOutFloat2Components.uasset" 258
"../../../Engine/Content/Functions/Engine_MaterialFunctions02/Utility/BreakOutFloat2Components.uexp" 259
"../../../Engine/Content/EngineMaterials/DefaultPostProcessMaterial.uasset" 260
"../../../Engine/Content/EngineMaterials/DefaultPostProcessMaterial.uexp" 261
"../../../Engine/Content/EngineFonts/RobotoDistanceField.uasset" 262
"../../../Engine/Content/EngineFonts/RobotoDistanceField.uexp" 263
"../../../Engine/Content/EngineMaterials/DefaultTextMaterialOpaque.uasset" 264
"../../../Engine/Content/EngineMaterials/DefaultTextMaterialOpaque.uexp" 265
"../../../Engine/Content/EngineMaterials/DefaultWhiteGrid.uasset" 266
"../../../Engine/Content/EngineMaterials/DefaultWhiteGrid.uexp" 267
"../../../Engine/Content/EngineMaterials/DefaultWhiteGrid.ubulk" 268
"../../../Engine/Content/EngineMaterials/DefaultWhiteGrid_Low.uasset" 269
"../../../Engine/Content/EngineMaterials/DefaultWhiteGrid_Low.uexp" 270
"../../../Engine/Content/EngineMaterials/EmissiveMeshMaterial.uasset" 271
"../../../Engine/Content/EngineMaterials/EmissiveMeshMaterial.uexp" 272
"../../../Engine/Content/EngineMaterials/GizmoMaterial.uasset" 273
"../../../Engine/Content/EngineMaterials/GizmoMaterial.uexp" 274
"../../../Engine/Content/EngineMaterials/Good64x64TilingNoiseHighFreq.uasset" 275
"../../../Engine/Content/EngineMaterials/Good64x64TilingNoiseHighFreq.uexp" 276
"../../../Engine/Content/EngineMaterials/MiniFont.uasset" 277
"../../../Engine/Content/EngineMaterials/MiniFont.uexp" 278
"../../../Engine/Content/EngineMaterials/InvalidLightmapSettings.uasset" 279
"../../../Engine/Content/EngineMaterials/InvalidLightmapSettings.uexp" 280
"../../../Engine/Content/EngineMaterials/InvalidLightmapSettings.ubulk" 281
"../../../Engine/Content/EngineMaterials/M_InvalidLightmapSettings.uasset" 282
"../../../Engine/Content/EngineMaterials/M_InvalidLightmapSettings.uexp" 283
"../../../Engine/Content/Functions/Engine_MaterialFunctions02/WorldPositionOffset/CameraOffset.uasset" 284
"../../../Engine/Content/Functions/Engine_MaterialFunctions02/WorldPositionOffset/CameraOffset.uexp" 285
"../../../Engine/Content/EngineMaterials/PhAT_JointLimitMaterial.uasset" 286
"../../../Engine/Content/EngineMaterials/PhAT_JointLimitMaterial.uexp" 287
"../../../Engine/Content/EngineMaterials/DefaultCalibrationColor.uasset" 288
"../../../Engine/Content/EngineMaterials/DefaultCalibrationColor.uexp" 289
"../../../Engine/Content/EngineMaterials/PPM_DefaultCalibrationColor.uasset" 290
"../../../Engine/Content/EngineMaterials/PPM_DefaultCalibrationColor.uexp" 291
"../../../Engine/Content/EngineMaterials/DefaultCalibrationGrayscale.uasset" 292
"../../../Engine/Content/EngineMaterials/DefaultCalibrationGrayscale.uexp" 293
"../../../Engine/Content/EngineMaterials/PPM_DefaultCalibrationGrayscale.uasset" 294
"../../../Engine/Content/EngineMaterials/PPM_DefaultCalibrationGrayscale.uexp" 295
"../../../Engine/Content/EngineMaterials/PreintegratedSkinBRDF.uasset" 296
"../../../Engine/Content/EngineMaterials/PreintegratedSkinBRDF.uexp" 297
"../../../Engine/Content/EngineMaterials/RemoveSurfaceMaterial.uasset" 298
"../../../Engine/Content/EngineMaterials/RemoveSurfaceMaterial.uexp" 299
"../../../Engine/Content/EngineMaterials/WeightMapPlaceholderTexture.uasset" 300
"../../../Engine/Content/EngineMaterials/WeightMapPlaceholderTexture.uexp" 301
"../../../Engine/Content/EngineResources/WhiteSquareTexture.uasset" 302
"../../../Engine/Content/EngineResources/WhiteSquareTexture.uexp" 303
"../../../Engine/Content/EngineMaterials/Widget3DPassThrough.uasset" 304
"../../../Engine/Content/EngineMaterials/Widget3DPassThrough.uexp" 305
"../../../Engine/Content/EngineMaterials/Widget3DPassThrough_Masked.uasset" 306
"../../../Engine/Content/EngineMaterials/Widget3DPassThrough_Masked.uexp" 307
"../../../Engine/Content/EngineMaterials/Widget3DPassThrough_Opaque.uasset" 308
"../../../Engine/Content/EngineMaterials/Widget3DPassThrough_Opaque.uexp" 309
"../../../Engine/Content/EngineMaterials/Widget3DPassThrough_Masked_OneSided.uasset" 310
"../../../Engine/Content/EngineMaterials/Widget3DPassThrough_Masked_OneSided.uexp" 311
"../../../Engine/Content/EngineMaterials/Widget3DPassThrough_Opaque_OneSided.uasset" 312
"../../../Engine/Content/EngineMaterials/Widget3DPassThrough_Opaque_OneSided.uexp" 313
"../../../Engine/Content/EngineMaterials/Widget3DPassThrough_Translucent.uasset" 314
"../../../Engine/Content/EngineMaterials/Widget3DPassThrough_Translucent.uexp" 315
"../../../Engine/Content/EngineMaterials/Widget3DPassThrough_Translucent_OneSided.uasset" 316
"../../../Engine/Content/EngineMaterials/Widget3DPassThrough_Translucent_OneSided.uexp" 317
"../../../Engine/Content/EngineMeshes/Cylinder.uasset" 318
"../../../Engine/Content/EngineMeshes/Cylinder.uexp" 319
"../../../Engine/Content/EngineMeshes/Sphere.uasset" 320
"../../../Engine/Content/EngineMeshes/Sphere.uexp" 321
"../../../Engine/Content/EngineResources/DefaultTexture.uasset" 322
"../../../Engine/Content/EngineResources/DefaultTexture.uexp" 323
"../../../Engine/Content/EngineResources/DefaultTexture.ubulk" 324
"../../../Engine/Content/EngineResources/DefaultTextureCube.uasset" 325
"../../../Engine/Content/EngineResources/DefaultTextureCube.uexp" 326
"../../../Engine/Content/EngineResources/DefaultVolumeTexture2D.uasset" 327
"../../../Engine/Content/EngineResources/DefaultVolumeTexture2D.uexp" 328
"../../../Engine/Content/EngineResources/DefaultVolumeTexture.uasset" 329
"../../../Engine/Content/EngineResources/DefaultVolumeTexture.uexp" 330
"../../../Engine/Content/EngineResources/GradientTexture0.uasset" 331
"../../../Engine/Content/EngineResources/GradientTexture0.uexp" 332
"../../../Engine/Content/EngineSky/VolumetricClouds/T_NoiseShape64.uasset" 333
"../../../Engine/Content/EngineSky/VolumetricClouds/T_NoiseShape64.uexp" 334
"../../../Engine/Content/EngineSky/VolumetricClouds/T_NoiseShape64.ubulk" 335
"../../../Engine/Content/EngineSky/VolumetricClouds/T_VolumeNoiseShape64.uasset" 336
"../../../Engine/Content/EngineSky/VolumetricClouds/T_VolumeNoiseShape64.uexp" 337
"../../../Engine/Content/EngineSky/VolumetricClouds/T_NoiseErosion.uasset" 338
"../../../Engine/Content/EngineSky/VolumetricClouds/T_NoiseErosion.uexp" 339
"../../../Engine/Content/EngineSky/VolumetricClouds/T_NoiseErosion.ubulk" 340
"../../../Engine/Content/EngineSky/VolumetricClouds/T_VolumeNoiseErosion32.uasset" 341
"../../../Engine/Content/EngineSky/VolumetricClouds/T_VolumeNoiseErosion32.uexp" 342
"../../../Engine/Content/EngineSky/VolumetricClouds/CloudWeatherTexture.uasset" 343
"../../../Engine/Content/EngineSky/VolumetricClouds/CloudWeatherTexture.uexp" 344
"../../../Engine/Content/EngineSky/VolumetricClouds/CloudGradientTexture.uasset" 345
"../../../Engine/Content/EngineSky/VolumetricClouds/CloudGradientTexture.uexp" 346
"../../../Engine/Content/Functions/Engine_MaterialFunctions02/Utility/MakeFloat2.uasset" 347
"../../../Engine/Content/Functions/Engine_MaterialFunctions02/Utility/MakeFloat2.uexp" 348
"../../../Engine/Content/EngineSky/VolumetricClouds/m_SimpleVolumetricCloud.uasset" 349
"../../../Engine/Content/EngineSky/VolumetricClouds/m_SimpleVolumetricCloud.uexp" 350
"../../../Engine/Content/EngineSky/VolumetricClouds/m_SimpleVolumetricCloud_Inst.uasset" 351
"../../../Engine/Content/EngineSky/VolumetricClouds/m_SimpleVolumetricCloud_Inst.uexp" 352
"../../../Engine/Content/EngineSounds/Master.uasset" 353
"../../../Engine/Content/EngineSounds/Master.uexp" 354
"../../../Engine/Content/Functions/Engine_MaterialFunctions01/Shading/PowerToRoughness.uasset" 355
"../../../Engine/Content/Functions/Engine_MaterialFunctions01/Shading/PowerToRoughness.uexp" 356
"../../../Engine/Content/Maps/Templates/Thumbnails/Default.uasset" 357
"../../../Engine/Content/Maps/Templates/Thumbnails/Default.uexp" 358
"../../../Engine/Content/Maps/Templates/Thumbnails/TimeOfDay.uasset" 359
"../../../Engine/Content/Maps/Templates/Thumbnails/TimeOfDay.uexp" 360
"../../../Engine/Content/Maps/Templates/Thumbnails/VR-Basic.uasset" 361
"../../../Engine/Content/Maps/Templates/Thumbnails/VR-Basic.uexp" 362
"../../../Engine/Content/MobileResources/T_MobileControls_texture.uasset" 363
"../../../Engine/Content/MobileResources/T_MobileControls_texture.uexp" 364
"../../../Engine/Content/MobileResources/T_MobileMenu2.uasset" 365
"../../../Engine/Content/MobileResources/T_MobileMenu2.uexp" 366
"../../../Engine/Content/MobileResources/HUD/AnalogHat.uasset" 367
"../../../Engine/Content/MobileResources/HUD/AnalogHat.uexp" 368
"../../../Engine/Content/MobileResources/HUD/VirtualJoystick_Thumb.uasset" 369
"../../../Engine/Content/MobileResources/HUD/VirtualJoystick_Thumb.uexp" 370
"../../../Engine/Content/MobileResources/HUD/VirtualJoystick_Background.uasset" 371
"../../../Engine/Content/MobileResources/HUD/VirtualJoystick_Background.uexp" 372
"../../../Engine/Content/MobileResources/HUD/DefaultVirtualJoysticks.uasset" 373
"../../../Engine/Content/MobileResources/HUD/DefaultVirtualJoysticks.uexp" 374
"../../../Engine/Content/MobileResources/HUD/LeftVirtualJoystickOnly.uasset" 375
"../../../Engine/Content/MobileResources/HUD/LeftVirtualJoystickOnly.uexp" 376
"../../../Engine/Content/MobileResources/HUD/MobileHUDButton1_off.uasset" 377
"../../../Engine/Content/MobileResources/HUD/MobileHUDButton1_off.uexp" 378
"../../../Engine/Content/MobileResources/HUD/MobileHUDButton1_on.uasset" 379
"../../../Engine/Content/MobileResources/HUD/MobileHUDButton1_on.uexp" 380
"../../../Engine/Content/MobileResources/HUD/MobileHUDButton2_off.uasset" 381
"../../../Engine/Content/MobileResources/HUD/MobileHUDButton2_off.uexp" 382
"../../../Engine/Content/MobileResources/HUD/MobileHUDButton2_on.uasset" 383
"../../../Engine/Content/MobileResources/HUD/MobileHUDButton2_on.uexp" 384
"../../../Engine/Content/MobileResources/HUD/MobileHUDButton3.uasset" 385
"../../../Engine/Content/MobileResources/HUD/MobileHUDButton3.uexp" 386
"../../../Engine/Content/MobileResources/HUD/MobileHUDButtonFire.uasset" 387
"../../../Engine/Content/MobileResources/HUD/MobileHUDButtonFire.uexp" 388
"../../../Engine/Content/MobileResources/HUD/MobileHUDDirectionPad.uasset" 389
"../../../Engine/Content/MobileResources/HUD/MobileHUDDirectionPad.uexp" 390
"../../../Engine/Content/MobileResources/HUD/MobileHUDDirectionPad2.uasset" 391
"../../../Engine/Content/MobileResources/HUD/MobileHUDDirectionPad2.uexp" 392
"../../../Engine/Content/MobileResources/HUD/MobileHUDDirectionPad3.uasset" 393
"../../../Engine/Content/MobileResources/HUD/MobileHUDDirectionPad3.uexp" 394
"../../../Engine/Content/MobileResources/HUD/MobileHUDDirectionStick.uasset" 395
"../../../Engine/Content/MobileResources/HUD/MobileHUDDirectionStick.uexp" 396
"../../../Engine/Content/MobileResources/HUD/T_Castle_ThumbstickInner.uasset" 397
"../../../Engine/Content/MobileResources/HUD/T_Castle_ThumbstickInner.uexp" 398
"../../../Engine/Content/MobileResources/HUD/T_Castle_ThumbstickOutter.uasset" 399
"../../../Engine/Content/MobileResources/HUD/T_Castle_ThumbstickOutter.uexp" 400
"../../../Engine/Content/Tutorial/ContentIntroCurve.uasset" 401
"../../../Engine/Content/Tutorial/ContentIntroCurve.uexp" 402
"../../../Engine/Content/Tutorial/Basics/TutorialAssets/icon_tab_Levels_40x.uasset" 403
"../../../Engine/Content/Tutorial/Basics/TutorialAssets/icon_tab_Levels_40x.uexp" 404
"../../../Engine/Content/VREditor/TransformGizmo/TranslucentTransformGizmoMaterial.uasset" 405
"../../../Engine/Content/VREditor/TransformGizmo/TranslucentTransformGizmoMaterial.uexp" 406
"../../../Engine/Content/VREditor/LaserPointer/VR_LaserPower_01.uasset" 407
"../../../Engine/Content/VREditor/LaserPointer/VR_LaserPower_01.uexp" 408
"../../../Engine/Content/VREditor/LaserPointer/VR_LaserPower_01.ubulk" 409
"../../../Engine/Content/VREditor/TransformGizmo/TransformGizmoMaterial.uasset" 410
"../../../Engine/Content/VREditor/TransformGizmo/TransformGizmoMaterial.uexp" 411
"../../../Engine/Content/VREditor/TransformGizmo/BoundingBoxCorner.uasset" 412
"../../../Engine/Content/VREditor/TransformGizmo/BoundingBoxCorner.uexp" 413
"../../../Engine/Content/VREditor/TransformGizmo/BoundingBoxEdge.uasset" 414
"../../../Engine/Content/VREditor/TransformGizmo/BoundingBoxEdge.uexp" 415
"../../../Engine/Content/VREditor/TransformGizmo/PlaneTranslationHandle.uasset" 416
"../../../Engine/Content/VREditor/TransformGizmo/PlaneTranslationHandle.uexp" 417
"../../../Engine/Content/VREditor/TransformGizmo/Xray.uasset" 418
"../../../Engine/Content/VREditor/TransformGizmo/Xray.uexp" 419
"../../../Engine/Content/VREditor/TransformGizmo/Main.uasset" 420
"../../../Engine/Content/VREditor/TransformGizmo/Main.uexp" 421
"../../../Engine/Content/VREditor/TransformGizmo/SM_Sequencer_Key.uasset" 422
"../../../Engine/Content/VREditor/TransformGizmo/SM_Sequencer_Key.uexp" 423
"../../../Engine/Content/VREditor/TransformGizmo/SM_Sequencer_Node.uasset" 424
"../../../Engine/Content/VREditor/TransformGizmo/SM_Sequencer_Node.uexp" 425
"../../../Engine/Plugins/2D/Paper2D/Content/PlaceholderTextures/DummySpriteTexture.uasset" 426
"../../../Engine/Plugins/2D/Paper2D/Content/PlaceholderTextures/DummySpriteTexture.uexp" 427
"../../../Engine/Plugins/2D/Paper2D/Content/PlaceholderTextures/DummySpriteTexture.ubulk" 428
"../../../Engine/Plugins/2D/Paper2D/Content/DummySprite.uasset" 429
"../../../Engine/Plugins/2D/Paper2D/Content/DummySprite.uexp" 430
"../../../Engine/Plugins/2D/Paper2D/Content/DefaultPaperTerrainMaterial.uasset" 431
"../../../Engine/Plugins/2D/Paper2D/Content/DefaultPaperTerrainMaterial.uexp" 432
"../../../Engine/Plugins/2D/Paper2D/Content/DefaultSpriteMaterial.uasset" 433
"../../../Engine/Plugins/2D/Paper2D/Content/DefaultSpriteMaterial.uexp" 434
"../../../Engine/Plugins/2D/Paper2D/Content/MaskedUnlitSpriteMaterial.uasset" 435
"../../../Engine/Plugins/2D/Paper2D/Content/MaskedUnlitSpriteMaterial.uexp" 436
"../../../Engine/Plugins/2D/Paper2D/Content/OpaqueUnlitSpriteMaterial.uasset" 437
"../../../Engine/Plugins/2D/Paper2D/Content/OpaqueUnlitSpriteMaterial.uexp" 438
"../../../Engine/Content/Functions/Engine_MaterialFunctions02/Utility/VectorLength.uasset" 439
"../../../Engine/Content/Functions/Engine_MaterialFunctions02/Utility/VectorLength.uexp" 440
"../../../Engine/Content/Functions/Engine_MaterialFunctions02/ObjectLocalBounds.uasset" 441
"../../../Engine/Content/Functions/Engine_MaterialFunctions02/ObjectLocalBounds.uexp" 442
"../../../Engine/Content/Functions/Engine_MaterialFunctions02/WorldPositionOffset/ObjectScale.uasset" 443
"../../../Engine/Content/Functions/Engine_MaterialFunctions02/WorldPositionOffset/ObjectScale.uexp" 444
"../../../Engine/Content/Functions/Engine_MaterialFunctions02/Utility/BreakOutFloat3Components.uasset" 445
"../../../Engine/Content/Functions/Engine_MaterialFunctions02/Utility/BreakOutFloat3Components.uexp" 446
"../../../Engine/Plugins/Editor/SpeedTreeImporter/Content/SpeedTree9/UnpackInteger3.uasset" 447
"../../../Engine/Plugins/Editor/SpeedTreeImporter/Content/SpeedTree9/UnpackInteger3.uexp" 448
"../../../Engine/Plugins/Editor/SpeedTreeImporter/Content/SpeedTree9/UnpackDirection.uasset" 449
"../../../Engine/Plugins/Editor/SpeedTreeImporter/Content/SpeedTree9/UnpackDirection.uexp" 450
"../../../Engine/Plugins/Editor/SpeedTreeImporter/Content/SpeedTree9/game_wind_noise.uasset" 451
"../../../Engine/Plugins/Editor/SpeedTreeImporter/Content/SpeedTree9/game_wind_noise.uexp" 452
"../../../Engine/Plugins/Editor/SpeedTreeImporter/Content/SpeedTree9/game_wind_noise.ubulk" 453
"../../../Engine/Content/Functions/Engine_MaterialFunctions02/SafeNormalize.uasset" 454
"../../../Engine/Content/Functions/Engine_MaterialFunctions02/SafeNormalize.uexp" 455
"../../../Engine/Plugins/Editor/SpeedTreeImporter/Content/SpeedTree9/SpeedTreeWindMotion.uasset" 456
"../../../Engine/Plugins/Editor/SpeedTreeImporter/Content/SpeedTree9/SpeedTreeWindMotion.uexp" 457
"../../../Engine/Plugins/Editor/SpeedTreeImporter/Content/SpeedTree9/SpeedTreeBranchMotion.uasset" 458
"../../../Engine/Plugins/Editor/SpeedTreeImporter/Content/SpeedTree9/SpeedTreeBranchMotion.uexp" 459
"../../../Engine/Content/Functions/Engine_MaterialFunctions02/UVs/BoundingBoxBased_0-1_UVW.uasset" 460
"../../../Engine/Content/Functions/Engine_MaterialFunctions02/UVs/BoundingBoxBased_0-1_UVW.uexp" 461
"../../../Engine/Plugins/Editor/SpeedTreeImporter/Content/SpeedTree9/SpeedTreeWind.uasset" 462
"../../../Engine/Plugins/Editor/SpeedTreeImporter/Content/SpeedTree9/SpeedTreeWind.uexp" 463
"../../../Engine/Plugins/Editor/SpeedTreeImporter/Content/SpeedTree9/SpeedTreeBillboard.uasset" 464
"../../../Engine/Plugins/Editor/SpeedTreeImporter/Content/SpeedTree9/SpeedTreeBillboard.uexp" 465
"../../../Engine/Plugins/Editor/SpeedTreeImporter/Content/SpeedTree9/EmptyNormal.uasset" 466
"../../../Engine/Plugins/Editor/SpeedTreeImporter/Content/SpeedTree9/EmptyNormal.uexp" 467
"../../../Engine/Plugins/Editor/SpeedTreeImporter/Content/SpeedTree9/Empty.uasset" 468
"../../../Engine/Plugins/Editor/SpeedTreeImporter/Content/SpeedTree9/Empty.uexp" 469
"../../../Engine/Plugins/Editor/SpeedTreeImporter/Content/SpeedTree9/SpeedTreeBillboardMaster.uasset" 470
"../../../Engine/Plugins/Editor/SpeedTreeImporter/Content/SpeedTree9/SpeedTreeBillboardMaster.uexp" 471
"../../../Engine/Plugins/Editor/SpeedTreeImporter/Content/SpeedTree9/SpeedTreeCameraFacing.uasset" 472
"../../../Engine/Plugins/Editor/SpeedTreeImporter/Content/SpeedTree9/SpeedTreeCameraFacing.uexp" 473
"../../../Engine/Plugins/Editor/SpeedTreeImporter/Content/SpeedTree9/SpeedTreeMaster.uasset" 474
"../../../Engine/Plugins/Editor/SpeedTreeImporter/Content/SpeedTree9/SpeedTreeMaster.uexp" 475
"../../../Engine/Content/BasicShapes/Cylinder.uasset" 476
"../../../Engine/Content/BasicShapes/Cylinder.uexp" 477
"../../../Engine/Content/ArtTools/RenderToTexture/Materials/Debug/M_Emissive_Color.uasset" 478
"../../../Engine/Content/ArtTools/RenderToTexture/Materials/Debug/M_Emissive_Color.uexp" 479
"../../../Engine/Plugins/Lumin/MagicLeapPassableWorld/Content/MagicLeapARPinInfoActor.uasset" 480
"../../../Engine/Plugins/Lumin/MagicLeapPassableWorld/Content/MagicLeapARPinInfoActor.uexp" 481
"../../../Engine/Content/EngineResources/Black.uasset" 482
"../../../Engine/Content/EngineResources/Black.uexp" 483
"../../../Engine/Plugins/Runtime/OpenXR/Content/Devices/M_XRController.uasset" 484
"../../../Engine/Plugins/Runtime/OpenXR/Content/Devices/M_XRController.uexp" 485
"../../../Engine/Plugins/Runtime/OpenXR/Content/Devices/GoogleDaydream/MRTexture.uasset" 486
"../../../Engine/Plugins/Runtime/OpenXR/Content/Devices/GoogleDaydream/MRTexture.uexp" 487
"../../../Engine/Plugins/Runtime/OpenXR/Content/Devices/GoogleDaydream/MRTexture.ubulk" 488
"../../../Engine/Plugins/Runtime/OpenXR/Content/Devices/GoogleDaydream/BaseTexture.uasset" 489
"../../../Engine/Plugins/Runtime/OpenXR/Content/Devices/GoogleDaydream/BaseTexture.uexp" 490
"../../../Engine/Plugins/Runtime/OpenXR/Content/Devices/GoogleDaydream/BaseTexture.ubulk" 491
"../../../Engine/Plugins/Runtime/OpenXR/Content/Devices/GoogleDaydream/MI_GoogleDaydream.uasset" 492
"../../../Engine/Plugins/Runtime/OpenXR/Content/Devices/GoogleDaydream/MI_GoogleDaydream.uexp" 493
"../../../Engine/Plugins/Runtime/OpenXR/Content/Devices/GoogleDaydream/GoogleDaydreamController.uasset" 494
"../../../Engine/Plugins/Runtime/OpenXR/Content/Devices/GoogleDaydream/GoogleDaydreamController.uexp" 495
"../../../Engine/Plugins/Runtime/OpenXR/Content/Devices/HTCVive/BaseTexture.uasset" 496
"../../../Engine/Plugins/Runtime/OpenXR/Content/Devices/HTCVive/BaseTexture.uexp" 497
"../../../Engine/Plugins/Runtime/OpenXR/Content/Devices/HTCVive/BaseTexture.ubulk" 498
"../../../Engine/Plugins/Runtime/OpenXR/Content/Devices/HTCVive/MI_HTCVive.uasset" 499
"../../../Engine/Plugins/Runtime/OpenXR/Content/Devices/HTCVive/MI_HTCVive.uexp" 500
"../../../Engine/Plugins/Runtime/OpenXR/Content/Devices/HTCVive/HTCViveController.uasset" 501
"../../../Engine/Plugins/Runtime/OpenXR/Content/Devices/HTCVive/HTCViveController.uexp" 502
"../../../Engine/Plugins/Runtime/OpenXR/Content/Devices/MicrosoftMixedReality/NormalTexture.uasset" 503
"../../../Engine/Plugins/Runtime/OpenXR/Content/Devices/MicrosoftMixedReality/NormalTexture.uexp" 504
"../../../Engine/Plugins/Runtime/OpenXR/Content/Devices/MicrosoftMixedReality/NormalTexture.ubulk" 505
"../../../Engine/Plugins/Runtime/OpenXR/Content/Devices/MicrosoftMixedReality/MRTexture.uasset" 506
"../../../Engine/Plugins/Runtime/OpenXR/Content/Devices/MicrosoftMixedReality/MRTexture.uexp" 507
"../../../Engine/Plugins/Runtime/OpenXR/Content/Devices/MicrosoftMixedReality/MRTexture.ubulk" 508
"../../../Engine/Plugins/Runtime/OpenXR/Content/Devices/MicrosoftMixedReality/EmissiveTexture.uasset" 509
"../../../Engine/Plugins/Runtime/OpenXR/Content/Devices/MicrosoftMixedReality/EmissiveTexture.uexp" 510
"../../../Engine/Plugins/Runtime/OpenXR/Content/Devices/MicrosoftMixedReality/EmissiveTexture.ubulk" 511
"../../../Engine/Plugins/Runtime/OpenXR/Content/Devices/MicrosoftMixedReality/BaseTexture.uasset" 512
"../../../Engine/Plugins/Runtime/OpenXR/Content/Devices/MicrosoftMixedReality/BaseTexture.uexp" 513
"../../../Engine/Plugins/Runtime/OpenXR/Content/Devices/MicrosoftMixedReality/BaseTexture.ubulk" 514
"../../../Engine/Plugins/Runtime/OpenXR/Content/Devices/MicrosoftMixedReality/MI_MicrosoftMixedReality.uasset" 515
"../../../Engine/Plugins/Runtime/OpenXR/Content/Devices/MicrosoftMixedReality/MI_MicrosoftMixedReality.uexp" 516
"../../../Engine/Plugins/Runtime/OpenXR/Content/Devices/MicrosoftMixedReality/Left/left_MicrosoftMixedRealityController.uasset" 517
"../../../Engine/Plugins/Runtime/OpenXR/Content/Devices/MicrosoftMixedReality/Left/left_MicrosoftMixedRealityController.uexp" 518
"../../../Engine/Plugins/Runtime/OpenXR/Content/Devices/MicrosoftMixedReality/Right/right_MicrosoftMixedRealityController.uasset" 519
"../../../Engine/Plugins/Runtime/OpenXR/Content/Devices/MicrosoftMixedReality/Right/right_MicrosoftMixedRealityController.uexp" 520
"../../../Engine/Plugins/Runtime/OpenXR/Content/Devices/OculusGo/BaseTexture.uasset" 521
"../../../Engine/Plugins/Runtime/OpenXR/Content/Devices/OculusGo/BaseTexture.uexp" 522
"../../../Engine/Plugins/Runtime/OpenXR/Content/Devices/OculusGo/BaseTexture.ubulk" 523
"../../../Engine/Plugins/Runtime/OpenXR/Content/Devices/OculusGo/MI_OculusGo.uasset" 524
"../../../Engine/Plugins/Runtime/OpenXR/Content/Devices/OculusGo/MI_OculusGo.uexp" 525
"../../../Engine/Plugins/Runtime/OpenXR/Content/Devices/OculusGo/OculusGoController.uasset" 526
"../../../Engine/Plugins/Runtime/OpenXR/Content/Devices/OculusGo/OculusGoController.uexp" 527
"../../../Engine/Plugins/Runtime/OpenXR/Content/Devices/OculusTouch/MRTexture.uasset" 528
"../../../Engine/Plugins/Runtime/OpenXR/Content/Devices/OculusTouch/MRTexture.uexp" 529
"../../../Engine/Plugins/Runtime/OpenXR/Content/Devices/OculusTouch/MRTexture.ubulk" 530
"../../../Engine/Plugins/Runtime/OpenXR/Content/Devices/OculusTouch/BaseTexture.uasset" 531
"../../../Engine/Plugins/Runtime/OpenXR/Content/Devices/OculusTouch/BaseTexture.uexp" 532
"../../../Engine/Plugins/Runtime/OpenXR/Content/Devices/OculusTouch/BaseTexture.ubulk" 533
"../../../Engine/Plugins/Runtime/OpenXR/Content/Devices/OculusTouch/MI_OculusTouch.uasset" 534
"../../../Engine/Plugins/Runtime/OpenXR/Content/Devices/OculusTouch/MI_OculusTouch.uexp" 535
"../../../Engine/Plugins/Runtime/OpenXR/Content/Devices/OculusTouch/Left/left_OculusTouchController.uasset" 536
"../../../Engine/Plugins/Runtime/OpenXR/Content/Devices/OculusTouch/Left/left_OculusTouchController.uexp" 537
"../../../Engine/Plugins/Runtime/OpenXR/Content/Devices/OculusTouch/Right/right_OculusTouchController.uasset" 538
"../../../Engine/Plugins/Runtime/OpenXR/Content/Devices/OculusTouch/Right/right_OculusTouchController.uexp" 539
"../../../Engine/Plugins/Runtime/OpenXR/Content/Devices/OculusTouch_v2/MRTexture.uasset" 540
"../../../Engine/Plugins/Runtime/OpenXR/Content/Devices/OculusTouch_v2/MRTexture.uexp" 541
"../../../Engine/Plugins/Runtime/OpenXR/Content/Devices/OculusTouch_v2/MRTexture.ubulk" 542
"../../../Engine/Plugins/Runtime/OpenXR/Content/Devices/OculusTouch_v2/BaseTexture.uasset" 543
"../../../Engine/Plugins/Runtime/OpenXR/Content/Devices/OculusTouch_v2/BaseTexture.uexp" 544
"../../../Engine/Plugins/Runtime/OpenXR/Content/Devices/OculusTouch_v2/BaseTexture.ubulk" 545
"../../../Engine/Plugins/Runtime/OpenXR/Content/Devices/OculusTouch_v2/MI_OculusTouch_v2.uasset" 546
"../../../Engine/Plugins/Runtime/OpenXR/Content/Devices/OculusTouch_v2/MI_OculusTouch_v2.uexp" 547
"../../../Engine/Plugins/Runtime/OpenXR/Content/Devices/OculusTouch_v2/Left/left_OculusTouch_v2Controller.uasset" 548
"../../../Engine/Plugins/Runtime/OpenXR/Content/Devices/OculusTouch_v2/Left/left_OculusTouch_v2Controller.uexp" 549
"../../../Engine/Plugins/Runtime/OpenXR/Content/Devices/OculusTouch_v2/Right/right_OculusTouch_v2Controller.uasset" 550
"../../../Engine/Plugins/Runtime/OpenXR/Content/Devices/OculusTouch_v2/Right/right_OculusTouch_v2Controller.uexp" 551
"../../../Engine/Plugins/Runtime/OpenXR/Content/Devices/OculusTouch_v3/MRTexture.uasset" 552
"../../../Engine/Plugins/Runtime/OpenXR/Content/Devices/OculusTouch_v3/MRTexture.uexp" 553
"../../../Engine/Plugins/Runtime/OpenXR/Content/Devices/OculusTouch_v3/MRTexture.ubulk" 554
"../../../Engine/Plugins/Runtime/OpenXR/Content/Devices/OculusTouch_v3/BaseTexture.uasset" 555
"../../../Engine/Plugins/Runtime/OpenXR/Content/Devices/OculusTouch_v3/BaseTexture.uexp" 556
"../../../Engine/Plugins/Runtime/OpenXR/Content/Devices/OculusTouch_v3/BaseTexture.ubulk" 557
"../../../Engine/Plugins/Runtime/OpenXR/Content/Devices/OculusTouch_v3/MI_OculusTouch_v3.uasset" 558
"../../../Engine/Plugins/Runtime/OpenXR/Content/Devices/OculusTouch_v3/MI_OculusTouch_v3.uexp" 559
"../../../Engine/Plugins/Runtime/OpenXR/Content/Devices/OculusTouch_v3/Left/left_OculusTouch_v3Controller.uasset" 560
"../../../Engine/Plugins/Runtime/OpenXR/Content/Devices/OculusTouch_v3/Left/left_OculusTouch_v3Controller.uexp" 561
"../../../Engine/Plugins/Runtime/OpenXR/Content/Devices/OculusTouch_v3/Right/right_OculusTouch_v3Controller.uasset" 562
"../../../Engine/Plugins/Runtime/OpenXR/Content/Devices/OculusTouch_v3/Right/right_OculusTouch_v3Controller.uexp" 563
"../../../Engine/Plugins/Runtime/OpenXR/Content/Devices/ValveIndex/Left/left_MRTexture.uasset" 564
"../../../Engine/Plugins/Runtime/OpenXR/Content/Devices/ValveIndex/Left/left_MRTexture.uexp" 565
"../../../Engine/Plugins/Runtime/OpenXR/Content/Devices/ValveIndex/Left/left_MRTexture.ubulk" 566
"../../../Engine/Plugins/Runtime/OpenXR/Content/Devices/ValveIndex/Left/left_BaseTexture.uasset" 567
"../../../Engine/Plugins/Runtime/OpenXR/Content/Devices/ValveIndex/Left/left_BaseTexture.uexp" 568
"../../../Engine/Plugins/Runtime/OpenXR/Content/Devices/ValveIndex/Left/left_BaseTexture.ubulk" 569
"../../../Engine/Plugins/Runtime/OpenXR/Content/Devices/ValveIndex/Left/MI_left_ValveIndex.uasset" 570
"../../../Engine/Plugins/Runtime/OpenXR/Content/Devices/ValveIndex/Left/MI_left_ValveIndex.uexp" 571
"../../../Engine/Plugins/Runtime/OpenXR/Content/Devices/ValveIndex/Left/left_ValveIndexController.uasset" 572
"../../../Engine/Plugins/Runtime/OpenXR/Content/Devices/ValveIndex/Left/left_ValveIndexController.uexp" 573
"../../../Engine/Plugins/Runtime/OpenXR/Content/Devices/ValveIndex/Right/right_MRTexture.uasset" 574
"../../../Engine/Plugins/Runtime/OpenXR/Content/Devices/ValveIndex/Right/right_MRTexture.uexp" 575
"../../../Engine/Plugins/Runtime/OpenXR/Content/Devices/ValveIndex/Right/right_MRTexture.ubulk" 576
"../../../Engine/Plugins/Runtime/OpenXR/Content/Devices/ValveIndex/Right/right_BaseTexture.uasset" 577
"../../../Engine/Plugins/Runtime/OpenXR/Content/Devices/ValveIndex/Right/right_BaseTexture.uexp" 578
"../../../Engine/Plugins/Runtime/OpenXR/Content/Devices/ValveIndex/Right/right_BaseTexture.ubulk" 579
"../../../Engine/Plugins/Runtime/OpenXR/Content/Devices/ValveIndex/Right/MI_right_ValveIndex.uasset" 580
"../../../Engine/Plugins/Runtime/OpenXR/Content/Devices/ValveIndex/Right/MI_right_ValveIndex.uexp" 581
"../../../Engine/Plugins/Runtime/OpenXR/Content/Devices/ValveIndex/Right/right_ValveIndexController.uasset" 582
"../../../Engine/Plugins/Runtime/OpenXR/Content/Devices/ValveIndex/Right/right_ValveIndexController.uexp" 583
"../../../Engine/Content/Functions/Engine_MaterialFunctions02/Utility/BreakOutFloat4Components.uasset" 584
"../../../Engine/Content/Functions/Engine_MaterialFunctions02/Utility/BreakOutFloat4Components.uexp" 585
"../../../Engine/Content/Functions/Engine_MaterialFunctions02/Utility/MakeFloat3.uasset" 586
"../../../Engine/Content/Functions/Engine_MaterialFunctions02/Utility/MakeFloat3.uexp" 587
"../../../Engine/Plugins/Runtime/Oculus/OculusVR/Content/Materials/OculusMR_ChromaKey.uasset" 588
"../../../Engine/Plugins/Runtime/Oculus/OculusVR/Content/Materials/OculusMR_ChromaKey.uexp" 589
"../../../Engine/Plugins/Runtime/Oculus/OculusVR/Content/Materials/OculusMR_OpaqueColoredMaterial.uasset" 590
"../../../Engine/Plugins/Runtime/Oculus/OculusVR/Content/Materials/OculusMR_OpaqueColoredMaterial.uexp" 591
"../../../Engine/Plugins/Runtime/Oculus/OculusVR/Content/Materials/PokeAHoleMaterial.uasset" 592
"../../../Engine/Plugins/Runtime/Oculus/OculusVR/Content/Materials/PokeAHoleMaterial.uexp" 593
"../../../Engine/Plugins/Runtime/Oculus/OculusVR/Content/Textures/touchController_controlmap.uasset" 594
"../../../Engine/Plugins/Runtime/Oculus/OculusVR/Content/Textures/touchController_controlmap.uexp" 595
"../../../Engine/Plugins/Runtime/Oculus/OculusVR/Content/Textures/touchController_controlmap.ubulk" 596
"../../../Engine/Plugins/Runtime/Oculus/OculusVR/Content/Textures/touchController_albedo.uasset" 597
"../../../Engine/Plugins/Runtime/Oculus/OculusVR/Content/Textures/touchController_albedo.uexp" 598
"../../../Engine/Plugins/Runtime/Oculus/OculusVR/Content/Textures/touchController_albedo.ubulk" 599
"../../../Engine/Plugins/Runtime/Oculus/OculusVR/Content/Materials/touchController_mat.uasset" 600
"../../../Engine/Plugins/Runtime/Oculus/OculusVR/Content/Materials/touchController_mat.uexp" 601
"../../../Engine/Plugins/Runtime/Oculus/OculusVR/Content/Meshes/LeftTouchController.uasset" 602
"../../../Engine/Plugins/Runtime/Oculus/OculusVR/Content/Meshes/LeftTouchController.uexp" 603
"../../../Engine/Plugins/Runtime/Oculus/OculusVR/Content/Textures/TouchForQuestRiftSController_albedo.uasset" 604
"../../../Engine/Plugins/Runtime/Oculus/OculusVR/Content/Textures/TouchForQuestRiftSController_albedo.uexp" 605
"../../../Engine/Plugins/Runtime/Oculus/OculusVR/Content/Textures/TouchForQuestRiftSController_albedo.ubulk" 606
"../../../Engine/Plugins/Runtime/Oculus/OculusVR/Content/Materials/TouchForQuestRiftSControllerMaterial.uasset" 607
"../../../Engine/Plugins/Runtime/Oculus/OculusVR/Content/Materials/TouchForQuestRiftSControllerMaterial.uexp" 608
"../../../Engine/Plugins/Runtime/Oculus/OculusVR/Content/Meshes/LeftTouchForQuestRiftSController.uasset" 609
"../../../Engine/Plugins/Runtime/Oculus/OculusVR/Content/Meshes/LeftTouchForQuestRiftSController.uexp" 610
"../../../Engine/Plugins/Runtime/Oculus/OculusVR/Content/Meshes/RiftHMD.uasset" 611
"../../../Engine/Plugins/Runtime/Oculus/OculusVR/Content/Meshes/RiftHMD.uexp" 612
"../../../Engine/Plugins/Runtime/Oculus/OculusVR/Content/Meshes/RightTouchController.uasset" 613
"../../../Engine/Plugins/Runtime/Oculus/OculusVR/Content/Meshes/RightTouchController.uexp" 614
"../../../Engine/Plugins/Runtime/Oculus/OculusVR/Content/Meshes/RightTouchForQuestRiftSController.uasset" 615
"../../../Engine/Plugins/Runtime/Oculus/OculusVR/Content/Meshes/RightTouchForQuestRiftSController.uexp" 616
"C:/Users/Tadhg/OneDrive/Documents/Unreal Projects/rAIMbow/Content/Geometry/Meshes/CubeMaterial.uasset" 617
"C:/Users/Tadhg/OneDrive/Documents/Unreal Projects/rAIMbow/Content/Geometry/Meshes/CubeMaterial.uexp" 618
"C:/Users/Tadhg/OneDrive/Documents/Unreal Projects/rAIMbow/Content/Geometry/Meshes/1M_Cube.uasset" 619
"C:/Users/Tadhg/OneDrive/Documents/Unreal Projects/rAIMbow/Content/Geometry/Meshes/1M_Cube.uexp" 620
"../../../Engine/Content/EngineSky/T_Sky_Stars.uasset" 621
"../../../Engine/Content/EngineSky/T_Sky_Stars.uexp" 622
"../../../Engine/Content/EngineSky/T_Sky_Stars.ubulk" 623
"../../../Engine/Content/EngineSky/T_Sky_Clouds_M.uasset" 624
"../../../Engine/Content/EngineSky/T_Sky_Clouds_M.uexp" 625
"../../../Engine/Content/EngineSky/T_Sky_Clouds_M.ubulk" 626
"../../../Engine/Content/EngineSky/T_Sky_Blue.uasset" 627
"../../../Engine/Content/EngineSky/T_Sky_Blue.uexp" 628
"../../../Engine/Content/EngineSky/T_Sky_Blue.ubulk" 629
"C:/Users/Tadhg/OneDrive/Documents/Unreal Projects/rAIMbow/Content/StarterContent/Textures/T_Wood_Oak_N.uasset" 630
"C:/Users/Tadhg/OneDrive/Documents/Unreal Projects/rAIMbow/Content/StarterContent/Textures/T_Wood_Oak_N.uexp" 631
"C:/Users/Tadhg/OneDrive/Documents/Unreal Projects/rAIMbow/Content/StarterContent/Textures/T_Wood_Oak_N.ubulk" 632
"C:/Users/Tadhg/OneDrive/Documents/Unreal Projects/rAIMbow/Content/StarterContent/Textures/T_Wood_Oak_D.uasset" 633
"C:/Users/Tadhg/OneDrive/Documents/Unreal Projects/rAIMbow/Content/StarterContent/Textures/T_Wood_Oak_D.uexp" 634
"C:/Users/Tadhg/OneDrive/Documents/Unreal Projects/rAIMbow/Content/StarterContent/Textures/T_Wood_Oak_D.ubulk" 635
"C:/Users/Tadhg/OneDrive/Documents/Unreal Projects/rAIMbow/Content/StarterContent/Materials/M_Wood_Oak.uasset" 636
"C:/Users/Tadhg/OneDrive/Documents/Unreal Projects/rAIMbow/Content/StarterContent/Materials/M_Wood_Oak.uexp" 637
"C:/Users/Tadhg/OneDrive/Documents/Unreal Projects/rAIMbow/Content/StarterContent/Textures/T_Water_N.uasset" 638
"C:/Users/Tadhg/OneDrive/Documents/Unreal Projects/rAIMbow/Content/StarterContent/Textures/T_Water_N.uexp" 639
"C:/Users/Tadhg/OneDrive/Documents/Unreal Projects/rAIMbow/Content/StarterContent/Textures/T_Water_N.ubulk" 640
"C:/Users/Tadhg/OneDrive/Documents/Unreal Projects/rAIMbow/Content/StarterContent/Textures/T_Perlin_Noise_M.uasset" 641
"C:/Users/Tadhg/OneDrive/Documents/Unreal Projects/rAIMbow/Content/StarterContent/Textures/T_Perlin_Noise_M.uexp" 642
"C:/Users/Tadhg/OneDrive/Documents/Unreal Projects/rAIMbow/Content/StarterContent/Textures/T_Perlin_Noise_M.ubulk" 643
"C:/Users/Tadhg/OneDrive/Documents/Unreal Projects/rAIMbow/Content/StarterContent/Materials/M_Water_Lake.uasset" 644
"C:/Users/Tadhg/OneDrive/Documents/Unreal Projects/rAIMbow/Content/StarterContent/Materials/M_Water_Lake.uexp" 645
"../../../Engine/Content/EngineSky/M_Sky_Panning_Clouds2.uasset" 646
"../../../Engine/Content/EngineSky/M_Sky_Panning_Clouds2.uexp" 647
"C:/Users/Tadhg/OneDrive/Documents/Unreal Projects/rAIMbow/Content/FirstPersonCPP/Maps/FirstPersonExampleMap_BuiltData.uasset" 648
"C:/Users/Tadhg/OneDrive/Documents/Unreal Projects/rAIMbow/Content/FirstPersonCPP/Maps/FirstPersonExampleMap_BuiltData.uexp" 649
"C:/Users/Tadhg/OneDrive/Documents/Unreal Projects/rAIMbow/Content/FirstPersonCPP/Maps/FirstPersonExampleMap_BuiltData.ubulk" 650
"../../../Engine/Content/EditorBlueprintResources/StandardMacros.uasset" 651
"../../../Engine/Content/EditorBlueprintResources/StandardMacros.uexp" 652
"../../../Engine/Content/EngineSky/SM_SkySphere.uasset" 653
"../../../Engine/Content/EngineSky/SM_SkySphere.uexp" 654
"../../../Engine/Content/EngineSky/C_Sky_Zenith_Color.uasset" 655
"../../../Engine/Content/EngineSky/C_Sky_Zenith_Color.uexp" 656
"../../../Engine/Content/EngineSky/C_Sky_Horizon_Color.uasset" 657
"../../../Engine/Content/EngineSky/C_Sky_Horizon_Color.uexp" 658
"../../../Engine/Content/EngineSky/C_Sky_Cloud_Color.uasset" 659
"../../../Engine/Content/EngineSky/C_Sky_Cloud_Color.uexp" 660
"../../../Engine/Content/EngineSky/BP_Sky_Sphere.uasset" 661
"../../../Engine/Content/EngineSky/BP_Sky_Sphere.uexp" 662
"C:/Users/Tadhg/OneDrive/Documents/Unreal Projects/rAIMbow/Content/FirstPerson/Animations/FirstPerson_Idle.uasset" 663
"C:/Users/Tadhg/OneDrive/Documents/Unreal Projects/rAIMbow/Content/FirstPerson/Animations/FirstPerson_Idle.uexp" 664
"C:/Users/Tadhg/OneDrive/Documents/Unreal Projects/rAIMbow/Content/FirstPerson/Animations/FirstPerson_JumpEnd.uasset" 665
"C:/Users/Tadhg/OneDrive/Documents/Unreal Projects/rAIMbow/Content/FirstPerson/Animations/FirstPerson_JumpEnd.uexp" 666
"C:/Users/Tadhg/OneDrive/Documents/Unreal Projects/rAIMbow/Content/FirstPerson/Animations/FirstPerson_JumpLoop.uasset" 667
"C:/Users/Tadhg/OneDrive/Documents/Unreal Projects/rAIMbow/Content/FirstPerson/Animations/FirstPerson_JumpLoop.uexp" 668
"C:/Users/Tadhg/OneDrive/Documents/Unreal Projects/rAIMbow/Content/FirstPerson/Animations/FirstPerson_JumpStart.uasset" 669
"C:/Users/Tadhg/OneDrive/Documents/Unreal Projects/rAIMbow/Content/FirstPerson/Animations/FirstPerson_JumpStart.uexp" 670
"C:/Users/Tadhg/OneDrive/Documents/Unreal Projects/rAIMbow/Content/FirstPerson/Animations/FirstPerson_Run.uasset" 671
"C:/Users/Tadhg/OneDrive/Documents/Unreal Projects/rAIMbow/Content/FirstPerson/Animations/FirstPerson_Run.uexp" 672
"C:/Users/Tadhg/OneDrive/Documents/Unreal Projects/rAIMbow/Content/FirstPerson/Animations/FirstPerson_AnimBP.uasset" 673
"C:/Users/Tadhg/OneDrive/Documents/Unreal Projects/rAIMbow/Content/FirstPerson/Animations/FirstPerson_AnimBP.uexp" 674
"C:/Users/Tadhg/OneDrive/Documents/Unreal Projects/rAIMbow/Content/FirstPerson/Animations/FirstPersonFire_Montage.uasset" 675
"C:/Users/Tadhg/OneDrive/Documents/Unreal Projects/rAIMbow/Content/FirstPerson/Animations/FirstPersonFire_Montage.uexp" 676
"C:/Users/Tadhg/OneDrive/Documents/Unreal Projects/rAIMbow/Content/rAIMbowContent/Font/Mf_Love_Song.uasset" 677
"C:/Users/Tadhg/OneDrive/Documents/Unreal Projects/rAIMbow/Content/rAIMbowContent/Font/Mf_Love_Song.uexp" 678
"C:/Users/Tadhg/OneDrive/Documents/Unreal Projects/rAIMbow/Content/rAIMbowContent/Font/Mf_Love_Song.ufont" 679
"C:/Users/Tadhg/OneDrive/Documents/Unreal Projects/rAIMbow/Content/rAIMbowContent/Font/LoveSongFont.uasset" 680
"C:/Users/Tadhg/OneDrive/Documents/Unreal Projects/rAIMbow/Content/rAIMbowContent/Font/LoveSongFont.uexp" 681
"C:/Users/Tadhg/OneDrive/Documents/Unreal Projects/rAIMbow/Content/rAIMbowContent/PauseMenuWidget.uasset" 682
"C:/Users/Tadhg/OneDrive/Documents/Unreal Projects/rAIMbow/Content/rAIMbowContent/PauseMenuWidget.uexp" 683
"C:/Users/Tadhg/OneDrive/Documents/Unreal Projects/rAIMbow/Content/rAIMbowContent/Audio/ZapAudio.uasset" 684
"C:/Users/Tadhg/OneDrive/Documents/Unreal Projects/rAIMbow/Content/rAIMbowContent/Audio/ZapAudio.uexp" 685
"C:/Users/Tadhg/OneDrive/Documents/Unreal Projects/rAIMbow/Content/FirstPerson/Character/Mesh/SK_Mannequin_Arms_PhysicsAsset.uasset" 686
"C:/Users/Tadhg/OneDrive/Documents/Unreal Projects/rAIMbow/Content/FirstPerson/Character/Mesh/SK_Mannequin_Arms_PhysicsAsset.uexp" 687
"C:/Users/Tadhg/OneDrive/Documents/Unreal Projects/rAIMbow/Content/FirstPerson/Character/Textures/UE4_Mannequin_MAT_MASKA.uasset" 688
"C:/Users/Tadhg/OneDrive/Documents/Unreal Projects/rAIMbow/Content/FirstPerson/Character/Textures/UE4_Mannequin_MAT_MASKA.uexp" 689
"C:/Users/Tadhg/OneDrive/Documents/Unreal Projects/rAIMbow/Content/FirstPerson/Character/Textures/UE4_Mannequin_MAT_MASKA.ubulk" 690
"C:/Users/Tadhg/OneDrive/Documents/Unreal Projects/rAIMbow/Content/FirstPerson/Character/Textures/UE4_Mannequin__normals.uasset" 691
"C:/Users/Tadhg/OneDrive/Documents/Unreal Projects/rAIMbow/Content/FirstPerson/Character/Textures/UE4_Mannequin__normals.uexp" 692
"C:/Users/Tadhg/OneDrive/Documents/Unreal Projects/rAIMbow/Content/FirstPerson/Character/Textures/UE4_Mannequin__normals.ubulk" 693
"C:/Users/Tadhg/OneDrive/Documents/Unreal Projects/rAIMbow/Content/FirstPerson/Character/Materials/MaterialLayers/T_ML_Aluminum01_N.uasset" 694
"C:/Users/Tadhg/OneDrive/Documents/Unreal Projects/rAIMbow/Content/FirstPerson/Character/Materials/MaterialLayers/T_ML_Aluminum01_N.uexp" 695
"C:/Users/Tadhg/OneDrive/Documents/Unreal Projects/rAIMbow/Content/FirstPerson/Character/Materials/MaterialLayers/T_ML_Aluminum01_N.ubulk" 696
"C:/Users/Tadhg/OneDrive/Documents/Unreal Projects/rAIMbow/Content/FirstPerson/Character/Materials/MaterialLayers/T_ML_Aluminum01.uasset" 697
"C:/Users/Tadhg/OneDrive/Documents/Unreal Projects/rAIMbow/Content/FirstPerson/Character/Materials/MaterialLayers/T_ML_Aluminum01.uexp" 698
"C:/Users/Tadhg/OneDrive/Documents/Unreal Projects/rAIMbow/Content/FirstPerson/Character/Materials/MaterialLayers/T_ML_Aluminum01.ubulk" 699
"C:/Users/Tadhg/OneDrive/Documents/Unreal Projects/rAIMbow/Content/FirstPerson/Character/Materials/MaterialLayers/ML_SoftMetal_UE4.uasset" 700
"C:/Users/Tadhg/OneDrive/Documents/Unreal Projects/rAIMbow/Content/FirstPerson/Character/Materials/MaterialLayers/ML_SoftMetal_UE4.uexp" 701
"C:/Users/Tadhg/OneDrive/Documents/Unreal Projects/rAIMbow/Content/FirstPerson/Character/Textures/UE4_LOGO_CARD.uasset" 702
"C:/Users/Tadhg/OneDrive/Documents/Unreal Projects/rAIMbow/Content/FirstPerson/Character/Textures/UE4_LOGO_CARD.uexp" 703
"C:/Users/Tadhg/OneDrive/Documents/Unreal Projects/rAIMbow/Content/FirstPerson/Character/Textures/UE4_LOGO_CARD.ubulk" 704
"C:/Users/Tadhg/OneDrive/Documents/Unreal Projects/rAIMbow/Content/FirstPerson/Character/Materials/MaterialLayers/ML_Plastic_Shiny_Beige_LOGO.uasset" 705
"C:/Users/Tadhg/OneDrive/Documents/Unreal Projects/rAIMbow/Content/FirstPerson/Character/Materials/MaterialLayers/ML_Plastic_Shiny_Beige_LOGO.uexp" 706
"C:/Users/Tadhg/OneDrive/Documents/Unreal Projects/rAIMbow/Content/FirstPerson/Character/Materials/MaterialLayers/ML_Plastic_Shiny_Beige.uasset" 707
"C:/Users/Tadhg/OneDrive/Documents/Unreal Projects/rAIMbow/Content/FirstPerson/Character/Materials/MaterialLayers/ML_Plastic_Shiny_Beige.uexp" 708
"C:/Users/Tadhg/OneDrive/Documents/Unreal Projects/rAIMbow/Content/FirstPerson/Character/Materials/MaterialLayers/T_ML_Rubber_Blue_01_N.uasset" 709
"C:/Users/Tadhg/OneDrive/Documents/Unreal Projects/rAIMbow/Content/FirstPerson/Character/Materials/MaterialLayers/T_ML_Rubber_Blue_01_N.uexp" 710
"C:/Users/Tadhg/OneDrive/Documents/Unreal Projects/rAIMbow/Content/FirstPerson/Character/Materials/MaterialLayers/T_ML_Rubber_Blue_01_N.ubulk" 711
"C:/Users/Tadhg/OneDrive/Documents/Unreal Projects/rAIMbow/Content/FirstPerson/Character/Materials/MaterialLayers/T_ML_Rubber_Blue_01_D.uasset" 712
"C:/Users/Tadhg/OneDrive/Documents/Unreal Projects/rAIMbow/Content/FirstPerson/Character/Materials/MaterialLayers/T_ML_Rubber_Blue_01_D.uexp" 713
"C:/Users/Tadhg/OneDrive/Documents/Unreal Projects/rAIMbow/Content/FirstPerson/Character/Materials/MaterialLayers/T_ML_Rubber_Blue_01_D.ubulk" 714
"C:/Users/Tadhg/OneDrive/Documents/Unreal Projects/rAIMbow/Content/FirstPerson/Character/Materials/MaterialLayers/ML_GlossyBlack_Latex_UE4.uasset" 715
"C:/Users/Tadhg/OneDrive/Documents/Unreal Projects/rAIMbow/Content/FirstPerson/Character/Materials/MaterialLayers/ML_GlossyBlack_Latex_UE4.uexp" 716
"../../../Engine/Content/Functions/MaterialLayerFunctions/MatLayerBlend_Simple.uasset" 717
"../../../Engine/Content/Functions/MaterialLayerFunctions/MatLayerBlend_Simple.uexp" 718
"../../../Engine/Content/Functions/Engine_MaterialFunctions02/Utility/BlendAngleCorrectedNormals.uasset" 719
"../../../Engine/Content/Functions/Engine_MaterialFunctions02/Utility/BlendAngleCorrectedNormals.uexp" 720
"../../../Engine/Content/Functions/MaterialLayerFunctions/MatLayerBlend_NormalBlend.uasset" 721
"../../../Engine/Content/Functions/MaterialLayerFunctions/MatLayerBlend_NormalBlend.uexp" 722
"C:/Users/Tadhg/OneDrive/Documents/Unreal Projects/rAIMbow/Content/FirstPerson/Character/Materials/M_UE4Man_Body.uasset" 723
"C:/Users/Tadhg/OneDrive/Documents/Unreal Projects/rAIMbow/Content/FirstPerson/Character/Materials/M_UE4Man_Body.uexp" 724
"C:/Users/Tadhg/OneDrive/Documents/Unreal Projects/rAIMbow/Content/FirstPerson/Character/Mesh/SK_Mannequin_Arms.uasset" 725
"C:/Users/Tadhg/OneDrive/Documents/Unreal Projects/rAIMbow/Content/FirstPerson/Character/Mesh/SK_Mannequin_Arms.uexp" 726
"C:/Users/Tadhg/OneDrive/Documents/Unreal Projects/rAIMbow/Content/FirstPersonCPP/Blueprints/FirstPersonCharacter.uasset" 727
"C:/Users/Tadhg/OneDrive/Documents/Unreal Projects/rAIMbow/Content/FirstPersonCPP/Blueprints/FirstPersonCharacter.uexp" 728
"C:/Users/Tadhg/OneDrive/Documents/Unreal Projects/rAIMbow/Content/FirstPersonCPP/Maps/FirstPersonExampleMap.uexp" 729
"C:/Users/Tadhg/OneDrive/Documents/Unreal Projects/rAIMbow/Content/FirstPersonCPP/Maps/FirstPersonExampleMap.umap" 730
"../../../Engine/Content/Maps/Entry_BuiltData.uasset" 731
"../../../Engine/Content/Maps/Entry_BuiltData.uexp" 732
"../../../Engine/Content/Maps/Entry.uexp" 733
"../../../Engine/Content/Maps/Entry.umap" 734
